2019-02-21 03:37:30 +0000 [MT] Initial pipeline context: <IDEDistributionProcessingPipelineContext: 0x7fe475498170; archive(resolved)='<IDEArchive: 0x7fe475256160>', distributionTask(resolved)='2', distributionDestination(resolved)='1', distributionMethod(resolved)='<IDEDistributionMethodDevelopmentSigned: 0x7fe4752722c0>', team(resolved)='<IDEProvisioningBasicTeam: 0x7fe475459590; teamID='KYACQ4K486', teamName='(null)'>'>
	Chain (11, self inclusive):
	<IDEDistributionProcessingPipelineContext: 0x7fe475498170; archive = '<IDEArchive: 0x7fe475256160>', distributionMethod='<IDEDistributionMethodDevelopmentSigned: 0x7fe4752722c0>', team='<IDEProvisioningBasicTeam: 0x7fe475459590; teamID='KYACQ4K486', teamName='(null)'>'>
	<IDEDistributionProcessingPipelineContext: 0x7fe475485550; archive = '<IDEArchive: 0x7fe475256160>', distributionMethod='<IDEDistributionMethodDevelopmentSigned: 0x7fe4752722c0>', team='<IDEProvisioningBasicTeam: 0x7fe475459590; teamID='KYACQ4K486', teamName='(null)'>'>
	<IDEDistributionContext: 0x7fe4754866e0; archive = '<IDEArchive: 0x7fe475256160>', distributionMethod='<IDEDistributionMethodDevelopmentSigned: 0x7fe4752722c0>', team='<IDEProvisioningBasicTeam: 0x7fe475459590; teamID='KYACQ4K486', teamName='(null)'>'>
	<IDEDistributionContext: 0x7fe4754820c0; archive = '<IDEArchive: 0x7fe475256160>', distributionMethod='<IDEDistributionMethodDevelopmentSigned: 0x7fe4752722c0>', team='<IDEProvisioningBasicTeam: 0x7fe475459590; teamID='KYACQ4K486', teamName='(null)'>'>
	<IDEDistributionContext: 0x7fe475480930; archive = '<IDEArchive: 0x7fe475256160>', distributionMethod='<IDEDistributionMethodDevelopmentSigned: 0x7fe4752722c0>', team='<IDEProvisioningBasicTeam: 0x7fe475459590; teamID='KYACQ4K486', teamName='(null)'>'>
	<IDEDistributionContext: 0x7fe47547f670; archive = '<IDEArchive: 0x7fe475256160>', distributionMethod='<IDEDistributionMethodDevelopmentSigned: 0x7fe4752722c0>', team='<IDEProvisioningBasicTeam: 0x7fe475459590; teamID='KYACQ4K486', teamName='(null)'>'>
	<IDEDistributionContext: 0x7fe47547bb90; archive = '<IDEArchive: 0x7fe475256160>', distributionMethod='<IDEDistributionMethodDevelopmentSigned: 0x7fe4752722c0>', team='<IDEProvisioningBasicTeam: 0x7fe475459590; teamID='KYACQ4K486', teamName='(null)'>'>
	<IDEDistributionContext: 0x7fe475478c00; archive = '<IDEArchive: 0x7fe475256160>', distributionMethod='<IDEDistributionMethodDevelopmentSigned: 0x7fe4752722c0>', team='<IDEProvisioningBasicTeam: 0x7fe475459590; teamID='KYACQ4K486', teamName='(null)'>'>
	<IDEDistributionContext: 0x7fe47517c600; archive = '<IDEArchive: 0x7fe475256160>', distributionMethod='<IDEDistributionMethodDevelopmentSigned: 0x7fe4752722c0>', team='<IDEProvisioningBasicTeam: 0x7fe475459590; teamID='KYACQ4K486', teamName='(null)'>'>
	<IDEDistributionContext: 0x7fe4751693d0; archive = '<IDEArchive: 0x7fe475256160>', distributionMethod='<IDEDistributionMethodDevelopmentSigned: 0x7fe4752722c0>', team='(null)'>
	<IDEDistributionContext: 0x7fe475256dd0; archive = '<IDEArchive: 0x7fe475256160>', distributionMethod='(null)', team='(null)'>
</IDEDistributionProcessingPipelineContext: 0x7fe475498170>
2019-02-21 03:37:30 +0000 [MT] Processing step: IDEDistributionCreateDestRootStep
2019-02-21 03:37:30 +0000 [MT] Processing step: IDEDistributionCopyItemStep
2019-02-21 03:37:30 +0000 [MT] Running /usr/bin/ditto '-V' '/Users/panzhijun/Desktop/BuildTest/BuildTest.xcarchive/Products/Applications/BuildTest.app' '/var/folders/5d/440tqk1s7sn312s23tc6x_9r0000gn/T/XcodeDistPipeline.ikU/Root/Payload/BuildTest.app'
2019-02-21 03:37:30 +0000  >>> Copying /Users/panzhijun/Desktop/BuildTest/BuildTest.xcarchive/Products/Applications/BuildTest.app 
2019-02-21 03:37:30 +0000  copying file ./_CodeSignature/CodeResources ... 
2019-02-21 03:37:30 +0000  3895 bytes for ./_CodeSignature/CodeResources
2019-02-21 03:37:30 +0000  copying file ./BuildTest ... 
2019-02-21 03:37:30 +0000  136176 bytes for ./BuildTest
2019-02-21 03:37:30 +0000  copying file ./Base.lproj/Main.storyboardc/UIViewController-BYZ-38-t0r.nib ... 
2019-02-21 03:37:30 +0000  916 bytes for ./Base.lproj/Main.storyboardc/UIViewController-BYZ-38-t0r.nib
copying file ./Base.lproj/Main.storyboardc/BYZ-38-t0r-view-8bC-Xf-vdC.nib ... 
2019-02-21 03:37:30 +0000  1136 bytes for ./Base.lproj/Main.storyboardc/BYZ-38-t0r-view-8bC-Xf-vdC.nib
copying file ./Base.lproj/Main.storyboardc/Info.plist ... 
2019-02-21 03:37:30 +0000  258 bytes for ./Base.lproj/Main.storyboardc/Info.plist
2019-02-21 03:37:30 +0000  copying file ./Base.lproj/LaunchScreen.storyboardc/01J-lp-oVM-view-Ze5-6b-2t3.nib ... 
2019-02-21 03:37:30 +0000  1136 bytes for ./Base.lproj/LaunchScreen.storyboardc/01J-lp-oVM-view-Ze5-6b-2t3.nib
copying file ./Base.lproj/LaunchScreen.storyboardc/UIViewController-01J-lp-oVM.nib ... 
2019-02-21 03:37:30 +0000  832 bytes for ./Base.lproj/LaunchScreen.storyboardc/UIViewController-01J-lp-oVM.nib
copying file ./Base.lproj/LaunchScreen.storyboardc/Info.plist ... 
2019-02-21 03:37:30 +0000  258 bytes for ./Base.lproj/LaunchScreen.storyboardc/Info.plist
2019-02-21 03:37:30 +0000  copying file ./embedded.mobileprovision ... 
2019-02-21 03:37:30 +0000  14035 bytes for ./embedded.mobileprovision
copying file ./Info.plist ... 
2019-02-21 03:37:30 +0000  1104 bytes for ./Info.plist
2019-02-21 03:37:30 +0000  copying file ./PkgInfo ... 
2019-02-21 03:37:30 +0000  8 bytes for ./PkgInfo
2019-02-21 03:37:30 +0000 [MT] /usr/bin/ditto exited with 0
2019-02-21 03:37:30 +0000 [MT] Processing step: IDEDistributionEmbedProfileStep
2019-02-21 03:37:30 +0000 [MT] Processing step: IDEDistributionAppThinningPlistStep
2019-02-21 03:37:30 +0000 [MT] Skipping step: IDEDistributionAppThinningPlistStep because it said so
2019-02-21 03:37:30 +0000 [MT] Processing step: IDEDistributionCompileBitcodeStep
2019-02-21 03:37:30 +0000 [MT] Skipping step: IDEDistributionCompileBitcodeStep because it said so
2019-02-21 03:37:30 +0000 [MT] Processing step: IDEDistributionCodeSlimmingStep
2019-02-21 03:37:30 +0000 [MT] Processing step: IDEDistributionCopyBCSymbolMapsStep
2019-02-21 03:37:30 +0000 [MT] Skipping step: IDEDistributionCopyBCSymbolMapsStep because it said so
2019-02-21 03:37:30 +0000 [MT] Processing step: IDEDistributionSymbolsStep
2019-02-21 03:37:30 +0000 [MT] Skipping step: IDEDistributionSymbolsStep because it said so
2019-02-21 03:37:30 +0000 [MT] Processing step: IDEDistributionAppThinningStep
2019-02-21 03:37:30 +0000 [MT] Skipping step: IDEDistributionAppThinningStep because it said so
2019-02-21 03:37:30 +0000 [MT] Processing step: IDEDistributionArchThinningStep
2019-02-21 03:37:30 +0000 [MT] Running /Applications/Xcode.app/Contents/Developer/Toolchains/XcodeDefault.xctoolchain/usr/bin/lipo '/var/folders/5d/440tqk1s7sn312s23tc6x_9r0000gn/T/XcodeDistPipeline.ikU/Root/Payload/BuildTest.app/BuildTest' '-verify_arch' 'arm64e'
2019-02-21 03:37:30 +0000 [MT] /Applications/Xcode.app/Contents/Developer/Toolchains/XcodeDefault.xctoolchain/usr/bin/lipo exited with 1
2019-02-21 03:37:30 +0000 [MT] Skipping architecture thinning for item "BuildTest" because arch "arm64e" wasn't found
2019-02-21 03:37:30 +0000 [MT] Processing step: IDEDistributionODRStep
2019-02-21 03:37:30 +0000 [MT] Processing step: IDEDistributionStripXattrsStep
2019-02-21 03:37:30 +0000 [MT] Running /usr/bin/xattr '-crs' '/var/folders/5d/440tqk1s7sn312s23tc6x_9r0000gn/T/XcodeDistPipeline.ikU/Root/Payload/BuildTest.app'
2019-02-21 03:37:30 +0000 [MT] /usr/bin/xattr exited with 0
2019-02-21 03:37:30 +0000 [MT] Processing step: IDEDistributionCodesignStep
2019-02-21 03:37:30 +0000 [MT] Entitlements for <IDEDistributionItem: 0x7fe475297300 'com.gome.gomeEShop' '<DVTFilePath:0x7fe4752568f0:'/Users/panzhijun/Desktop/BuildTest/BuildTest.xcarchive/Products/Applications/BuildTest.app'>'>: {
    "application-identifier" = "KYACQ4K486.com.gome.gomeEShop";
    "com.apple.developer.team-identifier" = KYACQ4K486;
    "get-task-allow" = 1;
    "keychain-access-groups" =     (
        "KYACQ4K486.com.gome.gomeEShop"
    );
}
2019-02-21 03:37:30 +0000 [MT] Writing entitlements for <IDEDistributionItem: 0x7fe475297300 'com.gome.gomeEShop' '<DVTFilePath:0x7fe4752568f0:'/Users/panzhijun/Desktop/BuildTest/BuildTest.xcarchive/Products/Applications/BuildTest.app'>'> to: /var/folders/5d/440tqk1s7sn312s23tc6x_9r0000gn/T/XcodeDistPipeline.ikU/entitlementsUkmtgz
2019-02-21 03:37:30 +0000 [MT] Running /usr/bin/codesign '-vvv' '--force' '--sign' '8A8D5FB828E0F14DB2BEC42EB7C5A6F44DF98D96' '--entitlements' '/var/folders/5d/440tqk1s7sn312s23tc6x_9r0000gn/T/XcodeDistPipeline.ikU/entitlementsUkmtgz' '--preserve-metadata=identifier,flags,runtime' '/var/folders/5d/440tqk1s7sn312s23tc6x_9r0000gn/T/XcodeDistPipeline.ikU/Root/Payload/BuildTest.app'
2019-02-21 03:37:31 +0000  /var/folders/5d/440tqk1s7sn312s23tc6x_9r0000gn/T/XcodeDistPipeline.ikU/Root/Payload/BuildTest.app: signed app bundle with Mach-O thin (arm64) [com.gome.gomeEShop]
2019-02-21 03:37:31 +0000 [MT] /usr/bin/codesign exited with 0
2019-02-21 03:37:31 +0000 [MT] Processing step: IDEDistributionZipODRItemStep
2019-02-21 03:37:31 +0000 [MT] Skipping step: IDEDistributionZipODRItemStep because it said so
2019-02-21 03:37:31 +0000 [MT] Processing step: IDEDistributionCreateIPAStep
2019-02-21 03:37:31 +0000 [MT] Running /usr/bin/ditto '-V' '-c' '-k' '--norsrc' '/var/folders/5d/440tqk1s7sn312s23tc6x_9r0000gn/T/XcodeDistPipeline.ikU/Root' '/var/folders/5d/440tqk1s7sn312s23tc6x_9r0000gn/T/XcodeDistPipeline.ikU/Packages/BuildTest.ipa'
2019-02-21 03:37:31 +0000  >>> Copying /var/folders/5d/440tqk1s7sn312s23tc6x_9r0000gn/T/XcodeDistPipeline.ikU/Root 
2019-02-21 03:37:31 +0000  copying file ./Payload/BuildTest.app/_CodeSignature/CodeResources ... 
2019-02-21 03:37:31 +0000  3895 bytes for ./Payload/BuildTest.app/_CodeSignature/CodeResources
2019-02-21 03:37:31 +0000  copying file ./Payload/BuildTest.app/BuildTest ... 
2019-02-21 03:37:31 +0000  70128 bytes for ./Payload/BuildTest.app/BuildTest
2019-02-21 03:37:31 +0000  copying file ./Payload/BuildTest.app/Base.lproj/Main.storyboardc/UIViewController-BYZ-38-t0r.nib ... 
2019-02-21 03:37:31 +0000  916 bytes for ./Payload/BuildTest.app/Base.lproj/Main.storyboardc/UIViewController-BYZ-38-t0r.nib
2019-02-21 03:37:31 +0000  copying file ./Payload/BuildTest.app/Base.lproj/Main.storyboardc/BYZ-38-t0r-view-8bC-Xf-vdC.nib ... 
2019-02-21 03:37:31 +0000  1136 bytes for ./Payload/BuildTest.app/Base.lproj/Main.storyboardc/BYZ-38-t0r-view-8bC-Xf-vdC.nib
copying file ./Payload/BuildTest.app/Base.lproj/Main.storyboardc/Info.plist ... 
2019-02-21 03:37:31 +0000  258 bytes for ./Payload/BuildTest.app/Base.lproj/Main.storyboardc/Info.plist
copying file ./Payload/BuildTest.app/Base.lproj/LaunchScreen.storyboardc/01J-lp-oVM-view-Ze5-6b-2t3.nib ... 
2019-02-21 03:37:31 +0000  1136 bytes for ./Payload/BuildTest.app/Base.lproj/LaunchScreen.storyboardc/01J-lp-oVM-view-Ze5-6b-2t3.nib
copying file ./Payload/BuildTest.app/Base.lproj/LaunchScreen.storyboardc/UIViewController-01J-lp-oVM.nib ... 
2019-02-21 03:37:31 +0000  832 bytes for ./Payload/BuildTest.app/Base.lproj/LaunchScreen.storyboardc/UIViewController-01J-lp-oVM.nib
2019-02-21 03:37:31 +0000  copying file ./Payload/BuildTest.app/Base.lproj/LaunchScreen.storyboardc/Info.plist ... 
258 bytes for ./Payload/BuildTest.app/Base.lproj/LaunchScreen.storyboardc/Info.plist
2019-02-21 03:37:31 +0000  copying file ./Payload/BuildTest.app/embedded.mobileprovision ... 
2019-02-21 03:37:31 +0000  14035 bytes for ./Payload/BuildTest.app/embedded.mobileprovision
copying file ./Payload/BuildTest.app/Info.plist ... 
2019-02-21 03:37:31 +0000  1104 bytes for ./Payload/BuildTest.app/Info.plist
2019-02-21 03:37:31 +0000  copying file ./Payload/BuildTest.app/PkgInfo ... 
8 bytes for ./Payload/BuildTest.app/PkgInfo
2019-02-21 03:37:31 +0000 [MT] /usr/bin/ditto exited with 0
2019-02-21 03:37:31 +0000 [MT] Processing step: IDEDistributionAppStoreInformationStep
2019-02-21 03:37:31 +0000 [MT] Skipping step: IDEDistributionAppStoreInformationStep because it said so
2019-02-21 03:37:31 +0000 [MT] Processing step: IDEDistributionCreateManifestStep
